{"total": {"lines":{"total":604,"covered":573,"skipped":0,"pct":94.86},"statements":{"total":604,"covered":573,"skipped":0,"pct":94.86},"functions":{"total":50,"covered":47,"skipped":0,"pct":94},"branches":{"total":122,"covered":104,"skipped":0,"pct":85.24},"branchesTrue":{"total":0,"covered":0,"skipped":0,"pct":100}}
,"C:\\Users\\mjang\\Desktop\\Project\\code\\Asyncrush\\lib\\observer\\rush-observer.ts": {"lines":{"total":89,"covered":87,"skipped":0,"pct":97.75},"functions":{"total":11,"covered":11,"skipped":0,"pct":100},"statements":{"total":89,"covered":87,"skipped":0,"pct":97.75},"branches":{"total":15,"covered":12,"skipped":0,"pct":80}}
,"C:\\Users\\mjang\\Desktop\\Project\\code\\Asyncrush\\lib\\stream\\rush-stream.ts": {"lines":{"total":291,"covered":283,"skipped":0,"pct":97.25},"functions":{"total":20,"covered":19,"skipped":0,"pct":95},"statements":{"total":291,"covered":283,"skipped":0,"pct":97.25},"branches":{"total":60,"covered":53,"skipped":0,"pct":88.33}}
,"C:\\Users\\mjang\\Desktop\\Project\\code\\Asyncrush\\lib\\stream\\rush-subscriber.ts": {"lines":{"total":149,"covered":146,"skipped":0,"pct":97.98},"functions":{"total":15,"covered":14,"skipped":0,"pct":93.33},"statements":{"total":149,"covered":146,"skipped":0,"pct":97.98},"branches":{"total":33,"covered":28,"skipped":0,"pct":84.84}}
,"C:\\Users\\mjang\\Desktop\\Project\\code\\Asyncrush\\lib\\utils\\retry-utils.ts": {"lines":{"total":75,"covered":57,"skipped":0,"pct":76},"functions":{"total":4,"covered":3,"skipped":0,"pct":75},"statements":{"total":75,"covered":57,"skipped":0,"pct":76},"branches":{"total":14,"covered":11,"skipped":0,"pct":78.57}}
}
