TN:
SF:lib\observer\rush-observer.ts
FN:8,<instance_members_initializer>
FN:25,RushObserver
FN:30,next
FN:35,error
FN:41,complete
FN:50,onNext
FN:52,nextHandler
FN:66,onError
FN:74,onComplete
FN:79,destroy
FN:84,cleanHandlers
FNF:11
FNH:11
FNDA:95,<instance_members_initializer>
FNDA:95,RushObserver
FNDA:74,next
FNDA:3,error
FNDA:6,complete
FNDA:52,onNext
FNDA:84,nextHandler
FNDA:3,onError
FNDA:22,onComplete
FNDA:3,destroy
FNDA:9,cleanHandlers
DA:1,1
DA:2,1
DA:3,1
DA:4,1
DA:5,1
DA:6,1
DA:7,1
DA:8,1
DA:9,95
DA:10,95
DA:11,95
DA:12,95
DA:13,95
DA:14,95
DA:15,95
DA:16,95
DA:17,95
DA:18,95
DA:19,95
DA:20,95
DA:21,95
DA:22,95
DA:23,95
DA:24,95
DA:25,95
DA:26,95
DA:27,95
DA:28,95
DA:29,95
DA:30,95
DA:31,74
DA:32,74
DA:33,95
DA:34,95
DA:35,95
DA:36,3
DA:37,3
DA:38,3
DA:39,95
DA:40,95
DA:41,95
DA:42,6
DA:43,6
DA:44,6
DA:45,95
DA:46,95
DA:47,95
DA:48,95
DA:49,95
DA:50,95
DA:51,52
DA:52,52
DA:53,84
DA:54,84
DA:55,84
DA:56,84
DA:57,0
DA:58,0
DA:59,52
DA:60,52
DA:61,95
DA:62,95
DA:63,95
DA:64,95
DA:65,95
DA:66,95
DA:67,3
DA:68,3
DA:69,95
DA:70,95
DA:71,95
DA:72,95
DA:73,95
DA:74,95
DA:75,22
DA:76,22
DA:77,95
DA:78,95
DA:79,95
DA:80,3
DA:81,3
DA:82,95
DA:83,95
DA:84,95
DA:85,9
DA:86,9
DA:87,9
DA:88,9
DA:89,95
LF:89
LH:87
BRDA:8,0,0,95
BRDA:25,1,0,95
BRDA:30,2,0,74
BRDA:35,3,0,3
BRDA:37,4,0,0
BRDA:41,5,0,6
BRDA:42,6,0,3
BRDA:50,7,0,52
BRDA:52,8,0,84
BRDA:54,9,0,0
BRDA:56,10,0,0
BRDA:66,11,0,3
BRDA:74,12,0,22
BRDA:79,13,0,3
BRDA:84,14,0,9
BRF:15
BRH:12
end_of_record
TN:
SF:lib\stream\rush-stream.ts
FN:10,<instance_members_initializer>
FN:24,cleanup
FN:57,RushStream
FN:70,processEvent
FN:95,emit
FN:108,pause
FN:114,resume
FN:121,flushBuffer
FN:133,listen
FN:157,subscribe
FN:169,unsubscribe
FN:175,broadcast
FN:183,use
FN:194,delayFn
FN:195,errorHandler
FN:205,errorHandlerWrapper
FN:214,newHandler
FN:233,unlisten
FN:265,debounce
FN:279,throttle
FNF:20
FNH:19
FNDA:21,<instance_members_initializer>
FNDA:3,cleanup
FNDA:21,RushStream
FNDA:46,processEvent
FNDA:37,emit
FNDA:2,pause
FNDA:2,resume
FNDA:2,flushBuffer
FNDA:21,listen
FNDA:3,subscribe
FNDA:3,unsubscribe
FNDA:32,broadcast
FNDA:2,use
FNDA:0,delayFn
FNDA:1,errorHandler
FNDA:1,errorHandlerWrapper
FNDA:2,newHandler
FNDA:4,unlisten
FNDA:5,debounce
FNDA:5,throttle
DA:1,1
DA:2,1
DA:3,1
DA:4,1
DA:5,1
DA:6,1
DA:7,1
DA:8,1
DA:9,1
DA:10,1
DA:11,21
DA:12,21
DA:13,21
DA:14,21
DA:15,21
DA:16,21
DA:17,21
DA:18,21
DA:19,21
DA:20,21
DA:21,21
DA:22,21
DA:23,21
DA:24,21
DA:25,21
DA:26,21
DA:27,21
DA:28,21
DA:29,21
DA:30,21
DA:31,21
DA:32,21
DA:33,21
DA:34,21
DA:35,21
DA:36,21
DA:37,21
DA:38,21
DA:39,21
DA:40,21
DA:41,21
DA:42,21
DA:43,21
DA:44,21
DA:45,21
DA:46,21
DA:47,21
DA:48,21
DA:49,21
DA:50,21
DA:51,21
DA:52,21
DA:53,21
DA:54,21
DA:55,21
DA:56,21
DA:57,21
DA:58,21
DA:59,21
DA:60,21
DA:61,21
DA:62,21
DA:63,21
DA:64,3
DA:65,3
DA:66,3
DA:67,21
DA:68,21
DA:69,21
DA:70,21
DA:71,46
DA:72,11
DA:73,11
DA:74,11
DA:75,11
DA:76,5
DA:77,5
DA:78,5
DA:79,5
DA:80,5
DA:81,11
DA:82,46
DA:83,10
DA:84,7
DA:85,7
DA:86,5
DA:87,7
DA:88,7
DA:89,35
DA:90,25
DA:91,25
DA:92,46
DA:93,21
DA:94,21
DA:95,21
DA:96,37
DA:97,5
DA:98,1
DA:99,1
DA:100,5
DA:101,37
DA:102,32
DA:103,32
DA:104,32
DA:105,37
DA:106,21
DA:107,21
DA:108,21
DA:109,2
DA:110,2
DA:111,2
DA:112,21
DA:113,21
DA:114,21
DA:115,2
DA:116,2
DA:117,2
DA:118,2
DA:119,21
DA:120,21
DA:121,21
DA:122,2
DA:123,2
DA:124,2
DA:125,4
DA:126,4
DA:127,2
DA:128,21
DA:129,21
DA:130,21
DA:131,21
DA:132,21
DA:133,21
DA:134,21
DA:135,21
DA:136,21
DA:137,3
DA:138,3
DA:139,19
DA:140,21
DA:141,21
DA:142,40
DA:143,19
DA:144,21
DA:145,21
DA:146,21
DA:147,0
DA:148,0
DA:149,21
DA:150,21
DA:151,21
DA:152,21
DA:153,21
DA:154,21
DA:155,21
DA:156,21
DA:157,21
DA:158,3
DA:159,4
DA:160,4
DA:161,3
DA:162,3
DA:163,3
DA:164,21
DA:165,21
DA:166,21
DA:167,21
DA:168,21
DA:169,21
DA:170,3
DA:171,3
DA:172,3
DA:173,21
DA:174,21
DA:175,21
DA:176,32
DA:177,32
DA:178,21
DA:179,21
DA:180,21
DA:181,21
DA:182,21
DA:183,21
DA:184,2
DA:185,2
DA:186,2
DA:187,2
DA:188,2
DA:189,2
DA:190,2
DA:191,2
DA:192,2
DA:193,2
DA:194,2
DA:195,2
DA:196,2
DA:197,2
DA:198,2
DA:199,1
DA:200,1
DA:201,1
DA:202,1
DA:203,1
DA:204,2
DA:205,2
DA:206,1
DA:207,1
DA:208,2
DA:209,2
DA:210,2
DA:211,2
DA:212,2
DA:213,2
DA:214,2
DA:215,2
DA:216,2
DA:217,1
DA:218,1
DA:219,1
DA:220,1
DA:221,1
DA:222,1
DA:223,1
DA:224,2
DA:225,2
DA:226,2
DA:227,2
DA:228,2
DA:229,2
DA:230,2
DA:231,21
DA:232,21
DA:233,21
DA:234,4
DA:235,1
DA:236,1
DA:237,1
DA:238,1
DA:239,1
DA:240,1
DA:241,1
DA:242,1
DA:243,1
DA:244,1
DA:245,0
DA:246,0
DA:247,0
DA:248,1
DA:249,0
DA:250,0
DA:251,0
DA:252,4
DA:253,3
DA:254,3
DA:255,3
DA:256,4
DA:257,4
DA:258,4
DA:259,4
DA:260,4
DA:261,4
DA:262,4
DA:263,21
DA:264,21
DA:265,21
DA:266,5
DA:267,2
DA:268,2
DA:269,2
DA:270,1
DA:271,1
DA:272,1
DA:273,2
DA:274,5
DA:275,5
DA:276,5
DA:277,21
DA:278,21
DA:279,21
DA:280,5
DA:281,2
DA:282,2
DA:283,2
DA:284,1
DA:285,1
DA:286,1
DA:287,2
DA:288,5
DA:289,5
DA:290,5
DA:291,21
LF:291
LH:283
BRDA:10,0,0,21
BRDA:24,1,0,3
BRDA:57,2,0,21
BRDA:63,3,0,3
BRDA:63,4,0,3
BRDA:70,5,0,46
BRDA:71,6,0,11
BRDA:71,7,0,11
BRDA:73,8,0,4
BRDA:82,9,0,35
BRDA:82,10,0,10
BRDA:82,11,0,10
BRDA:83,12,0,7
BRDA:89,13,0,25
BRDA:75,14,0,5
BRDA:85,15,0,5
BRDA:95,16,0,37
BRDA:96,17,0,5
BRDA:96,18,0,5
BRDA:97,19,0,1
BRDA:101,20,0,32
BRDA:108,21,0,2
BRDA:114,22,0,2
BRDA:121,23,0,2
BRDA:122,24,0,0
BRDA:124,25,0,4
BRDA:124,26,0,4
BRDA:133,27,0,21
BRDA:135,28,0,0
BRDA:136,29,0,19
BRDA:141,30,0,19
BRDA:146,31,0,0
BRDA:136,32,0,3
BRDA:141,33,0,40
BRDA:157,34,0,3
BRDA:158,35,0,4
BRDA:169,36,0,3
BRDA:170,37,0,3
BRDA:175,38,0,32
BRDA:176,39,0,12
BRDA:183,40,0,2
BRDA:198,41,0,1
BRDA:200,42,0,0
BRDA:195,43,0,1
BRDA:205,44,0,1
BRDA:214,45,0,2
BRDA:216,46,0,1
BRDA:218,47,0,1
BRDA:233,48,0,4
BRDA:234,49,0,1
BRDA:238,50,0,0
BRDA:244,51,0,0
BRDA:248,52,0,0
BRDA:252,53,0,3
BRDA:265,54,0,5
BRDA:266,55,0,2
BRDA:269,56,0,1
BRDA:279,57,0,5
BRDA:280,58,0,2
BRDA:283,59,0,1
BRF:60
BRH:53
end_of_record
TN:
SF:lib\stream\rush-subscriber.ts
FN:6,<instance_members_initializer>
FN:23,RushSubscriber
FN:32,next
FN:44,onComplete
FN:50,onError
FN:59,subscribe
FN:70,use
FN:81,delayFn
FN:82,errorHandler
FN:92,errorHandlerWrapper
FN:109,unsubscribe
FN:117,pause
FN:123,resume
FN:130,flushBuffer
FN:144,destroy
FNF:15
FNH:14
FNDA:11,<instance_members_initializer>
FNDA:11,RushSubscriber
FNDA:12,next
FNDA:1,onComplete
FNDA:1,onError
FNDA:12,subscribe
FNDA:10,use
FNDA:0,delayFn
FNDA:1,errorHandler
FNDA:1,errorHandlerWrapper
FNDA:3,unsubscribe
FNDA:2,pause
FNDA:2,resume
FNDA:2,flushBuffer
FNDA:1,destroy
DA:1,1
DA:2,1
DA:3,1
DA:4,1
DA:5,1
DA:6,1
DA:7,11
DA:8,11
DA:9,11
DA:10,11
DA:11,11
DA:12,11
DA:13,11
DA:14,11
DA:15,11
DA:16,11
DA:17,11
DA:18,11
DA:19,11
DA:20,11
DA:21,11
DA:22,11
DA:23,11
DA:24,11
DA:25,11
DA:26,2
DA:27,2
DA:28,2
DA:29,11
DA:30,11
DA:31,11
DA:32,11
DA:33,12
DA:34,5
DA:35,1
DA:36,1
DA:37,5
DA:38,12
DA:39,7
DA:40,7
DA:41,12
DA:42,11
DA:43,11
DA:44,11
DA:45,1
DA:46,1
DA:47,1
DA:48,11
DA:49,11
DA:50,11
DA:51,1
DA:52,1
DA:53,1
DA:54,11
DA:55,11
DA:56,11
DA:57,11
DA:58,11
DA:59,11
DA:60,12
DA:61,12
DA:62,12
DA:63,12
DA:64,12
DA:65,11
DA:66,11
DA:67,11
DA:68,11
DA:69,11
DA:70,11
DA:71,10
DA:72,10
DA:73,10
DA:74,10
DA:75,10
DA:76,10
DA:77,10
DA:78,10
DA:79,10
DA:80,10
DA:81,10
DA:82,10
DA:83,10
DA:84,10
DA:85,10
DA:86,1
DA:87,1
DA:88,10
DA:89,9
DA:90,9
DA:91,10
DA:92,10
DA:93,1
DA:94,1
DA:95,10
DA:96,10
DA:97,10
DA:98,10
DA:99,10
DA:100,10
DA:101,10
DA:102,10
DA:103,10
DA:104,10
DA:105,10
DA:106,10
DA:107,11
DA:108,11
DA:109,11
DA:110,3
DA:111,3
DA:112,3
DA:113,3
DA:114,3
DA:115,11
DA:116,11
DA:117,11
DA:118,2
DA:119,2
DA:120,2
DA:121,11
DA:122,11
DA:123,11
DA:124,2
DA:125,2
DA:126,2
DA:127,2
DA:128,11
DA:129,11
DA:130,11
DA:131,2
DA:132,2
DA:133,2
DA:134,4
DA:135,4
DA:136,4
DA:137,0
DA:138,0
DA:139,0
DA:140,4
DA:141,2
DA:142,11
DA:143,11
DA:144,11
DA:145,1
DA:146,1
DA:147,1
DA:148,1
DA:149,11
LF:149
LH:146
BRDA:6,0,0,11
BRDA:23,1,0,11
BRDA:25,2,0,2
BRDA:25,3,0,2
BRDA:32,4,0,12
BRDA:33,5,0,5
BRDA:33,6,0,5
BRDA:34,7,0,1
BRDA:38,8,0,7
BRDA:39,9,0,6
BRDA:44,10,0,1
BRDA:50,11,0,1
BRDA:59,12,0,12
BRDA:60,13,0,1
BRDA:60,14,0,1
BRDA:70,15,0,10
BRDA:85,16,0,1
BRDA:87,17,0,0
BRDA:88,18,0,9
BRDA:82,19,0,1
BRDA:92,20,0,1
BRDA:101,21,0,10
BRDA:109,22,0,3
BRDA:110,23,0,0
BRDA:117,24,0,2
BRDA:123,25,0,2
BRDA:130,26,0,2
BRDA:131,27,0,0
BRDA:133,28,0,4
BRDA:133,29,0,4
BRDA:136,30,0,0
BRDA:144,31,0,1
BRDA:145,32,0,0
BRF:33
BRH:28
end_of_record
TN:
SF:lib\utils\retry-utils.ts
FN:8,createRetryWrapper
FN:18,delayFn
FN:21,scheduleRetry
FN:33,applyMiddleware
FNF:4
FNH:3
FNDA:12,createRetryWrapper
FNDA:0,delayFn
FNDA:5,scheduleRetry
FNDA:19,applyMiddleware
DA:1,1
DA:2,1
DA:3,1
DA:4,1
DA:5,1
DA:6,1
DA:7,1
DA:8,1
DA:9,12
DA:10,12
DA:11,12
DA:12,12
DA:13,12
DA:14,12
DA:15,12
DA:16,12
DA:17,12
DA:18,12
DA:19,12
DA:20,12
DA:21,12
DA:22,5
DA:23,5
DA:24,5
DA:25,0
DA:26,0
DA:27,0
DA:28,5
DA:29,5
DA:30,5
DA:31,12
DA:32,12
DA:33,12
DA:34,19
DA:35,19
DA:36,19
DA:37,27
DA:38,1
DA:39,1
DA:40,1
DA:41,1
DA:42,1
DA:43,0
DA:44,0
DA:45,0
DA:46,0
DA:47,0
DA:48,0
DA:49,1
DA:50,1
DA:51,0
DA:52,0
DA:53,0
DA:54,0
DA:55,0
DA:56,0
DA:57,1
DA:58,27
DA:59,26
DA:60,26
DA:61,26
DA:62,5
DA:63,5
DA:64,5
DA:65,0
DA:66,0
DA:67,0
DA:68,26
DA:69,27
DA:70,14
DA:71,14
DA:72,12
DA:73,12
DA:74,12
DA:75,12
LF:75
LH:57
BRDA:8,0,0,12
BRDA:21,1,0,5
BRDA:24,2,0,0
BRDA:30,3,0,5
BRDA:30,4,0,4
BRDA:33,5,0,19
BRDA:36,6,0,27
BRDA:37,7,0,1
BRDA:58,8,0,26
BRDA:61,9,0,5
BRDA:64,10,0,0
BRDA:69,11,0,14
BRDA:39,12,0,1
BRDA:42,13,0,0
BRF:14
BRH:11
end_of_record
